Extension "Optimized PNG" failed to load because a dependency was not met.
Dependency:
	type: executable
	location: path
	string: optipng

Extension "Formula (pdflatex)" failed to load because a dependency was not met.
Dependency:
	type: executable
	location: path
	string: pdflatex

Extension "Plot" failed to load because a dependency was not met.
Dependency:
	type: file
	location: inx
	string: hpgl_decoder.py

Extension "XFIG Input" failed to load because a dependency was not met.
Dependency:
	type: executable
	location: path
	string: fig2dev

